<?xml version="1.0" encoding="UTF-8"?>
<testng-results skipped="0" failed="0" total="1" passed="1">
  <reporter-output>
  </reporter-output>
  <suite name="Default suite" duration-ms="2176" started-at="2018-11-15T14:37:36Z" finished-at="2018-11-15T14:37:38Z">
    <groups>
    </groups>
    <test name="Default test" duration-ms="2176" started-at="2018-11-15T14:37:36Z" finished-at="2018-11-15T14:37:38Z">
      <class name="eleks.eset.sample.SmokeTests">
        <test-method status="PASS" signature="makeSureThatGoogleIsUp()[pri:0, instance:eleks.eset.sample.SmokeTests@959ece]" name="makeSureThatGoogleIsUp" duration-ms="2154" started-at="2018-11-15T16:37:36Z" finished-at="2018-11-15T16:37:38Z">
          <reporter-output>
          </reporter-output>
        </test-method> <!-- makeSureThatGoogleIsUp -->
        <test-method status="PASS" signature="tearDown(org.testng.ITestResult)[pri:0, instance:eleks.eset.sample.SmokeTests@959ece]" name="tearDown" is-config="true" duration-ms="0" started-at="2018-11-15T16:37:38Z" finished-at="2018-11-15T16:37:38Z">
          <params>
            <param index="0">
              <value>
                <![CDATA[[TestResult name=makeSureThatGoogleIsUp status=SUCCESS method=SmokeTests.makeSureThatGoogleIsUp()[pri:0, instance:eleks.eset.sample.SmokeTests@959ece] output={null}]]]>
              </value>
            </param>
          </params>
          <reporter-output>
          </reporter-output>
        </test-method> <!-- tearDown -->
      </class> <!-- eleks.eset.sample.SmokeTests -->
    </test> <!-- Default test -->
  </suite> <!-- Default suite -->
</testng-results>
